Virtual User Script started at: 05.08.2020 19:20:03
Starting action vuser_init.
Web Turbo Replay of LoadRunner 12.55.0 for Windows 10; build 911 (июл 24 2017 19:46:00)  	[MsgId: MMSG-26983]
Run mode: HTML  	[MsgId: MMSG-26993]
Replay user agent: Mozilla/5.0 (Windows NT 10.0; Win64; x64) AppleWebKit/537.36 (KHTML, like Gecko) Chrome/84.0.4147.89 Safari/537.36  	[MsgId: MMSG-26988]
Run-Time Settings file: "C:\Users\ƒмитрий\Documents\VuGen\Scripts\—крипты\5.0_all_buttons check\\default.cfg"  	[MsgId: MMSG-27141]
Ending action vuser_init.
Running Vuser...
Starting iteration 1.
Maximum number of concurrent connections per server: 6  	[MsgId: MMSG-26989]
Starting action Action.
Action.c(3): Notify: Transaction "tr_main_check_all_buttons" started.
Action.c(5): Notify: Transaction "tr_home_page" started.
Action.c(7): web_set_sockets_option started  	[MsgId: MMSG-26355]
Action.c(7): web_set_sockets_option was successful  	[MsgId: MMSG-26392]
Action.c(9): web_add_auto_header("Sec-Fetch-Site") started  	[MsgId: MMSG-26355]
Action.c(9): web_add_auto_header("Sec-Fetch-Site") was successful  	[MsgId: MMSG-26392]
Action.c(12): web_add_auto_header("Sec-Fetch-Dest") started  	[MsgId: MMSG-26355]
Action.c(12): web_add_auto_header("Sec-Fetch-Dest") was successful  	[MsgId: MMSG-26392]
Action.c(15): web_add_auto_header("Sec-Fetch-Mode") started  	[MsgId: MMSG-26355]
Action.c(15): web_add_auto_header("Sec-Fetch-Mode") was successful  	[MsgId: MMSG-26392]
Action.c(18): web_add_auto_header("Sec-Fetch-User") started  	[MsgId: MMSG-26355]
Action.c(18): web_add_auto_header("Sec-Fetch-User") was successful  	[MsgId: MMSG-26392]
Action.c(21): web_add_auto_header("Upgrade-Insecure-Requests") started  	[MsgId: MMSG-26355]
Action.c(21): web_add_auto_header("Upgrade-Insecure-Requests") was successful  	[MsgId: MMSG-26392]
Action.c(36): web_reg_save_param started  	[MsgId: MMSG-26355]
Action.c(36): Registering web_reg_save_param was successful  	[MsgId: MMSG-26390]
Action.c(41): web_url("WebTours") started  	[MsgId: MMSG-26355]
Action.c(41): Detected non-resource "http://localhost:1080/WebTours/header.html" in "http://localhost:1080/WebTours/"  	[MsgId: MMSG-26574]
Action.c(41): Detected non-resource "http://localhost:1080/cgi-bin/welcome.pl?signOff=true" in "http://localhost:1080/WebTours/"  	[MsgId: MMSG-26574]
Action.c(41): Found resource "http://localhost:1080/WebTours/images/hp_logo.png" in HTML "http://localhost:1080/WebTours/header.html"  	[MsgId: MMSG-26659]
Action.c(41): Found resource "http://localhost:1080/WebTours/images/webtours.png" in HTML "http://localhost:1080/WebTours/header.html"  	[MsgId: MMSG-26659]
Action.c(41): Detected non-resource "http://localhost:1080/cgi-bin/nav.pl?in=home" in "http://localhost:1080/cgi-bin/welcome.pl?signOff=true"  	[MsgId: MMSG-26574]
Action.c(41): Detected non-resource "http://localhost:1080/WebTours/home.html" in "http://localhost:1080/cgi-bin/welcome.pl?signOff=true"  	[MsgId: MMSG-26574]
Action.c(41): Found resource "http://localhost:1080/WebTours/images/mer_login.gif" in HTML "http://localhost:1080/cgi-bin/nav.pl?in=home"  	[MsgId: MMSG-26659]
Action.c(41): web_url("WebTours") was successful, 10078 body bytes, 2371 header bytes, 24 chunking overhead bytes  	[MsgId: MMSG-26385]
Action.c(51): Notify: Transaction "tr_home_page" ended with a "Pass" status (Duration: 0.5778 Wasted Time: 0.2400).
Action.c(53): Notify: Transaction "tr_login" started.
Action.c(55): web_remove_auto_header("Sec-Fetch-User") started  	[MsgId: MMSG-26355]
Action.c(55): Previous automatically added web header for "Sec-Fetch-User" removed  	[MsgId: MMSG-26587]
Action.c(55): web_remove/revert_auto_header("Sec-Fetch-User") was successful  	[MsgId: MMSG-26392]
Action.c(57): web_add_auto_header("Sec-Fetch-Dest") started  	[MsgId: MMSG-26355]
Action.c(57): web_add_auto_header("Sec-Fetch-Dest") was successful  	[MsgId: MMSG-26392]
Action.c(60): web_remove_auto_header("Upgrade-Insecure-Requests") started  	[MsgId: MMSG-26355]
Action.c(60): Previous automatically added web header for "Upgrade-Insecure-Requests" removed  	[MsgId: MMSG-26587]
Action.c(60): web_remove/revert_auto_header("Upgrade-Insecure-Requests") was successful  	[MsgId: MMSG-26392]
Action.c(62): web_add_header("Origin") started  	[MsgId: MMSG-26355]
Action.c(62): web_add_header("Origin") was successful  	[MsgId: MMSG-26392]
Action.c(65): web_add_auto_header("Sec-Fetch-Site") started  	[MsgId: MMSG-26355]
Action.c(65): web_add_auto_header("Sec-Fetch-Site") was successful  	[MsgId: MMSG-26392]
Action.c(68): Think time - Waiting 5.00 seconds (according to limit).
Action.c(68): lr_think_time: 5.00 seconds (recorded think time was 17.00 seconds).
Action.c(70): web_reg_find started  	[MsgId: MMSG-26355]
Action.c(70): Registering web_reg_find was successful  	[MsgId: MMSG-26390]
Action.c(74): web_submit_data("login.pl") started  	[MsgId: MMSG-26355]
Action.c(74): Detected non-resource "http://localhost:1080/cgi-bin/nav.pl?page=menu&in=home" in "http://localhost:1080/cgi-bin/login.pl"  	[MsgId: MMSG-26574]
Action.c(74): Detected non-resource "http://localhost:1080/cgi-bin/login.pl?intro=true" in "http://localhost:1080/cgi-bin/login.pl"  	[MsgId: MMSG-26574]
Action.c(74): Found resource "http://localhost:1080/WebTours/images/flights.gif" in HTML "http://localhost:1080/cgi-bin/nav.pl?page=menu&in=home"  	[MsgId: MMSG-26659]
Action.c(74): Found resource "http://localhost:1080/WebTours/images/itinerary.gif" in HTML "http://localhost:1080/cgi-bin/nav.pl?page=menu&in=home"  	[MsgId: MMSG-26659]
Action.c(74): Found resource "http://localhost:1080/WebTours/images/in_home.gif" in HTML "http://localhost:1080/cgi-bin/nav.pl?page=menu&in=home"  	[MsgId: MMSG-26659]
Action.c(74): Found resource "http://localhost:1080/WebTours/images/signoff.gif" in HTML "http://localhost:1080/cgi-bin/nav.pl?page=menu&in=home"  	[MsgId: MMSG-26659]
Action.c(74): Registered web_reg_find successful for "Text=User password was correct" (count=1)  	[MsgId: MMSG-26364]
Action.c(74): web_submit_data("login.pl") was successful, 5779 body bytes, 2034 header bytes, 36 chunking overhead bytes  	[MsgId: MMSG-26385]
Action.c(91): Notify: Transaction "tr_login" ended with a "Pass" status (Duration: 5.4486 Think Time: 5.0057 Wasted Time: 0.0764).
Action.c(93): Notify: Transaction "tr_flights_button" started.
Action.c(95): web_add_auto_header("Sec-Fetch-User") started  	[MsgId: MMSG-26355]
Action.c(95): web_add_auto_header("Sec-Fetch-User") was successful  	[MsgId: MMSG-26392]
Action.c(98): web_add_auto_header("Upgrade-Insecure-Requests") started  	[MsgId: MMSG-26355]
Action.c(98): web_add_auto_header("Upgrade-Insecure-Requests") was successful  	[MsgId: MMSG-26392]
Action.c(101): Think time - Waiting 5.00 seconds (according to limit).
Action.c(101): lr_think_time: 5.00 seconds (recorded think time was 30.00 seconds).
Action.c(103): web_reg_find started  	[MsgId: MMSG-26355]
Action.c(103): Registering web_reg_find was successful  	[MsgId: MMSG-26390]
Action.c(107): web_url("Search Flights Button") started  	[MsgId: MMSG-26355]
Action.c(107): Detected non-resource "http://localhost:1080/cgi-bin/nav.pl?page=menu&in=flights" in "http://localhost:1080/cgi-bin/welcome.pl?page=search"  	[MsgId: MMSG-26574]
Action.c(107): Detected non-resource "http://localhost:1080/cgi-bin/reservations.pl?page=welcome" in "http://localhost:1080/cgi-bin/welcome.pl?page=search"  	[MsgId: MMSG-26574]
Action.c(107): Found resource "http://localhost:1080/WebTours/images/in_flights.gif" in HTML "http://localhost:1080/cgi-bin/nav.pl?page=menu&in=flights"  	[MsgId: MMSG-26659]
Action.c(107): Resource "http://localhost:1080/WebTours/images/itinerary.gif" is in the cache already and will not be downloaded again  	[MsgId: MMSG-26655]
Action.c(107): Found resource "http://localhost:1080/WebTours/images/home.gif" in HTML "http://localhost:1080/cgi-bin/nav.pl?page=menu&in=flights"  	[MsgId: MMSG-26659]
Action.c(107): Resource "http://localhost:1080/WebTours/images/signoff.gif" is in the cache already and will not be downloaded again  	[MsgId: MMSG-26655]
Action.c(107): Found resource "http://localhost:1080/WebTours/images/button_next.gif" in HTML "http://localhost:1080/cgi-bin/reservations.pl?page=welcome"  	[MsgId: MMSG-26659]
Action.c(107): Registered web_reg_find successful for "Text=Flight Selections" (count=1)  	[MsgId: MMSG-26364]
Action.c(107): web_url("Search Flights Button") was successful, 8516 body bytes, 1620 header bytes, 43 chunking overhead bytes  	[MsgId: MMSG-26385]
Action.c(117): Notify: Transaction "tr_flights_button" ended with a "Pass" status (Duration: 5.3524 Think Time: 5.0080 Wasted Time: 0.0706).
Action.c(119): Notify: Transaction "tr_itinerary_button" started.
Action.c(121): web_remove_auto_header("Sec-Fetch-User") started  	[MsgId: MMSG-26355]
Action.c(121): Previous automatically added web header for "Sec-Fetch-User" removed  	[MsgId: MMSG-26587]
Action.c(121): web_remove/revert_auto_header("Sec-Fetch-User") was successful  	[MsgId: MMSG-26392]
Action.c(123): web_remove_auto_header("Upgrade-Insecure-Requests") started  	[MsgId: MMSG-26355]
Action.c(123): Previous automatically added web header for "Upgrade-Insecure-Requests" removed  	[MsgId: MMSG-26587]
Action.c(123): web_remove/revert_auto_header("Upgrade-Insecure-Requests") was successful  	[MsgId: MMSG-26392]
Action.c(125): Think time - Waiting 5.00 seconds (according to limit).
Action.c(125): lr_think_time: 5.00 seconds (recorded think time was 24.00 seconds).
Action.c(127): web_reg_find started  	[MsgId: MMSG-26355]
Action.c(127): Registering web_reg_find was successful  	[MsgId: MMSG-26390]
Action.c(131): web_url("Itinerary Button") started  	[MsgId: MMSG-26355]
Action.c(131): Detected non-resource "http://localhost:1080/cgi-bin/nav.pl?page=menu&in=itinerary" in "http://localhost:1080/cgi-bin/welcome.pl?page=itinerary"  	[MsgId: MMSG-26574]
Action.c(131): Detected non-resource "http://localhost:1080/cgi-bin/itinerary.pl" in "http://localhost:1080/cgi-bin/welcome.pl?page=itinerary"  	[MsgId: MMSG-26574]
Action.c(131): Resource "http://localhost:1080/WebTours/images/flights.gif" is in the cache already and will not be downloaded again  	[MsgId: MMSG-26655]
Action.c(131): Found resource "http://localhost:1080/WebTours/images/in_itinerary.gif" in HTML "http://localhost:1080/cgi-bin/nav.pl?page=menu&in=itinerary"  	[MsgId: MMSG-26659]
Action.c(131): Resource "http://localhost:1080/WebTours/images/home.gif" is in the cache already and will not be downloaded again  	[MsgId: MMSG-26655]
Action.c(131): Resource "http://localhost:1080/WebTours/images/signoff.gif" is in the cache already and will not be downloaded again  	[MsgId: MMSG-26655]
Action.c(131): Registered web_reg_find successful for "Text=Flights List" (count=1)  	[MsgId: MMSG-26364]
Action.c(131): web_url("Itinerary Button") was successful, 3693 body bytes, 1025 header bytes, 36 chunking overhead bytes  	[MsgId: MMSG-26385]
Action.c(141): Notify: Transaction "tr_itinerary_button" ended with a "Pass" status (Duration: 5.3388 Think Time: 5.0104 Wasted Time: 0.0733).
Action.c(143): Notify: Transaction "tr_home_button" started.
Action.c(145): web_add_auto_header("Sec-Fetch-User") started  	[MsgId: MMSG-26355]
Action.c(145): web_add_auto_header("Sec-Fetch-User") was successful  	[MsgId: MMSG-26392]
Action.c(148): web_add_auto_header("Upgrade-Insecure-Requests") started  	[MsgId: MMSG-26355]
Action.c(148): web_add_auto_header("Upgrade-Insecure-Requests") was successful  	[MsgId: MMSG-26392]
Action.c(151): Think time - Waiting 5.00 seconds (according to limit).
Action.c(151): lr_think_time: 5.00 seconds (recorded think time was 23.00 seconds).
Action.c(153): web_reg_find started  	[MsgId: MMSG-26355]
Action.c(153): Registering web_reg_find was successful  	[MsgId: MMSG-26390]
Action.c(157): web_url("Home Button") started  	[MsgId: MMSG-26355]
Action.c(157): Detected non-resource "http://localhost:1080/cgi-bin/nav.pl?page=menu&in=home" in "http://localhost:1080/cgi-bin/welcome.pl?page=menus"  	[MsgId: MMSG-26574]
Action.c(157): Detected non-resource "http://localhost:1080/cgi-bin/login.pl?intro=true" in "http://localhost:1080/cgi-bin/welcome.pl?page=menus"  	[MsgId: MMSG-26574]
Action.c(157): Resource "http://localhost:1080/WebTours/images/flights.gif" is in the cache already and will not be downloaded again  	[MsgId: MMSG-26655]
Action.c(157): Resource "http://localhost:1080/WebTours/images/itinerary.gif" is in the cache already and will not be downloaded again  	[MsgId: MMSG-26655]
Action.c(157): Resource "http://localhost:1080/WebTours/images/in_home.gif" is in the cache already and will not be downloaded again  	[MsgId: MMSG-26655]
Action.c(157): Resource "http://localhost:1080/WebTours/images/signoff.gif" is in the cache already and will not be downloaded again  	[MsgId: MMSG-26655]
Action.c(157): Registered web_reg_find successful for "Text=Welcome to Web Tours" (count=1)  	[MsgId: MMSG-26364]
Action.c(157): web_url("Home Button") was successful, 2996 body bytes, 701 header bytes, 36 chunking overhead bytes  	[MsgId: MMSG-26385]
Action.c(167): Notify: Transaction "tr_home_button" ended with a "Pass" status (Duration: 5.3422 Think Time: 5.0139 Wasted Time: 0.0683).
Action.c(169): Notify: Transaction "tr_signOff" started.
Action.c(171): web_remove_auto_header("Sec-Fetch-User") started  	[MsgId: MMSG-26355]
Action.c(171): Previous automatically added web header for "Sec-Fetch-User" removed  	[MsgId: MMSG-26587]
Action.c(171): web_remove/revert_auto_header("Sec-Fetch-User") was successful  	[MsgId: MMSG-26392]
Action.c(173): Think time - Waiting 5.00 seconds (according to limit).
Action.c(173): lr_think_time: 5.00 seconds (recorded think time was 48.00 seconds).
Action.c(175): web_reg_find started  	[MsgId: MMSG-26355]
Action.c(175): Registering web_reg_find was successful  	[MsgId: MMSG-26390]
Action.c(179): web_url("SignOff Button") started  	[MsgId: MMSG-26355]
Action.c(179): Detected non-resource "http://localhost:1080/cgi-bin/nav.pl?in=home" in "http://localhost:1080/cgi-bin/welcome.pl?signOff=1"  	[MsgId: MMSG-26574]
Action.c(179): Detected non-resource "http://localhost:1080/WebTours/home.html" in "http://localhost:1080/cgi-bin/welcome.pl?signOff=1"  	[MsgId: MMSG-26574]
Action.c(179): Retrieving data from cache for "http://localhost:1080/WebTours/home.html"  	[MsgId: MMSG-26558]
Action.c(179): Resource "http://localhost:1080/WebTours/images/mer_login.gif" is in the cache already and will not be downloaded again  	[MsgId: MMSG-26655]
Action.c(179): Registered web_reg_find successful for "Text= A Session ID has been created and loaded" (count=1)  	[MsgId: MMSG-26364]
Action.c(179): web_url("SignOff Button") was successful, 2176 body bytes, 584 header bytes, 24 chunking overhead bytes  	[MsgId: MMSG-26385]
Action.c(189): Notify: Transaction "tr_signOff" ended with a "Pass" status (Duration: 5.3235 Think Time: 5.0099 Wasted Time: 0.0625).
Action.c(191): Notify: Transaction "tr_main_check_all_buttons" ended with a "Pass" status (Duration: 27.4934 Think Time: 25.0479 Wasted Time: 0.5910).
Ending action Action.
Ending iteration 1.
Ending Vuser...
Starting action vuser_end.
Ending action vuser_end.
Vuser Terminated.
